
> frontend@1.0.0 dev C:\Users\surfaceSudio\OneDrive\ecoach\frontend
> vite


  [32m[1mVITE[22m v8.0.3[39m  [2mready in [0m[1m1799[22m[2m[0m ms[22m

  [32m➜[39m  [1mLocal[22m:   [36mhttp://localhost:[1m1420[22m/[39m
[2m  [32m➜[39m  [1mNetwork[22m[2m: use [22m[1m--host[22m[2m to expose[22m
[2m9:32:46 PM[22m [36m[1m[vite][22m[39m [90m[2m(client)[22m[39m [32mhmr update [39m[2m/src/assets/css/main.css, /src/views/student/practice/PastQuestions.vue[22m
[2m9:32:51 PM[22m [36m[1m[vite][22m[39m [90m[2m(client)[22m[39m [32mhmr update [39m[2m/src/assets/css/main.css, /src/views/student/practice/PastQuestions.vue[22m
[2m9:32:58 PM[22m [36m[1m[vite][22m[39m [90m[2m(client)[22m[39m [32mhmr update [39m[2m/src/views/student/practice/PastQuestions.vue, /src/assets/css/main.css[22m
[2m9:33:03 PM[22m [36m[1m[vite][22m[39m [90m[2m(client)[22m[39m [32mhmr update [39m[2m/src/views/student/practice/PastQuestions.vue, /src/assets/css/main.css[22m
[2m9:33:11 PM[22m [36m[1m[vite][22m[39m [90m[2m(client)[22m[39m [32mhmr update [39m[2m/src/views/student/practice/PastQuestions.vue, /src/assets/css/main.css[22m
[2m9:33:23 PM[22m [36m[1m[vite][22m[39m [90m[2m(client)[22m[39m [32mhmr update [39m[2m/src/views/student/practice/PastQuestions.vue, /src/assets/css/main.css[22m
[2m9:33:51 PM[22m [36m[1m[vite][22m[39m [90m[2m(client)[22m[39m [32mhmr update [39m[2m/src/views/student/practice/PastQuestions.vue, /src/assets/css/main.css[22m
[2m9:34:00 PM[22m [36m[1m[vite][22m[39m [90m[2m(client)[22m[39m [32mhmr update [39m[2m/src/views/student/practice/PastQuestions.vue?vue&type=style&index=0&scoped=a9dba846&lang.css, /src/assets/css/main.css[22m
[2m9:46:05 PM[22m [36m[1m[vite][22m[39m [90m[2m(client)[22m[39m [32mhmr update [39m[2m/src/assets/css/main.css, /src/views/student/CoachHubV3.vue, /src/views/student/CoachHub.vue, /src/views/student/journey/JourneyHome.vue[22m
[2m9:46:11 PM[22m [36m[1m[vite][22m[39m [90m[2m(client)[22m[39m [32mhmr update [39m[2m/src/assets/css/main.css, /src/views/student/practice/PastQuestions.vue[22m
[2m9:46:18 PM[22m [36m[1m[vite][22m[39m [90m[2m(client)[22m[39m [32mhmr update [39m[2m/src/views/student/practice/PastQuestions.vue, /src/assets/css/main.css[22m
[2m9:46:27 PM[22m [36m[1m[vite][22m[39m [90m[2m(client)[22m[39m [32mhmr update [39m[2m/src/views/student/practice/PastQuestions.vue, /src/assets/css/main.css[22m
[2m9:46:38 PM[22m [36m[1m[vite][22m[39m [90m[2m(client)[22m[39m [32mhmr update [39m[2m/src/views/student/practice/PastQuestions.vue, /src/assets/css/main.css[22m
[2m9:47:00 PM[22m [36m[1m[vite][22m[39m [90m[2m(client)[22m[39m [32mhmr update [39m[2m/src/views/student/practice/PastQuestions.vue?vue&type=style&index=0&scoped=a9dba846&lang.css, /src/assets/css/main.css[22m
[2m9:47:13 PM[22m [36m[1m[vite][22m[39m [90m[2m(client)[22m[39m [32mhmr update [39m[2m/src/assets/css/main.css[22m
[2m9:47:30 PM[22m [36m[1m[vite][22m[39m [90m[2m(client)[22m[39m [32mhmr update [39m[2m/src/assets/css/main.css[22m
[2m9:51:01 PM[22m [36m[1m[vite][22m[39m [90m[2m(client)[22m[39m [32mhmr update [39m[2m/src/views/student/practice/PastQuestions.vue, /src/assets/css/main.css[22m
[2m9:54:38 PM[22m [36m[1m[vite][22m[39m [90m[2m(client)[22m[39m [32mhmr update [39m[2m/src/views/student/session/SessionView.vue, /src/assets/css/main.css[22m
[2m9:55:10 PM[22m [36m[1m[vite][22m[39m [90m[2m(client)[22m[39m [32mhmr update [39m[2m/src/views/student/session/SessionView.vue?vue&type=style&index=0&scoped=b6dace93&lang.css, /src/assets/css/main.css[22m
[2m9:55:21 PM[22m [36m[1m[vite][22m[39m [90m[2m(client)[22m[39m [32mhmr update [39m[2m/src/views/student/session/SessionView.vue, /src/assets/css/main.css[22m
[2m9:55:27 PM[22m [36m[1m[vite][22m[39m [90m[2m(client)[22m[39m [32mhmr update [39m[2m/src/views/student/session/SessionView.vue, /src/assets/css/main.css[22m
[2m9:56:06 PM[22m [36m[1m[vite][22m[39m [90m[2m(client)[22m[39m [32mhmr update [39m[2m/src/components/question/QuestionCard.vue, /src/assets/css/main.css[22m
[2m9:56:17 PM[22m [36m[1m[vite][22m[39m [90m[2m(client)[22m[39m [32mhmr update [39m[2m/src/components/question/QuestionCard.vue, /src/assets/css/main.css[22m
[2m9:56:47 PM[22m [36m[1m[vite][22m[39m [90m[2m(client)[22m[39m [32mhmr update [39m[2m/src/components/question/QuestionCard.vue, /src/assets/css/main.css[22m
[2m9:57:19 PM[22m [36m[1m[vite][22m[39m [90m[2m(client)[22m[39m [32mhmr update [39m[2m/src/components/question/formats/McqQuestion.vue, /src/assets/css/main.css[22m
[2m9:57:42 PM[22m [36m[1m[vite][22m[39m [90m[2m(client)[22m[39m [32mhmr update [39m[2m/src/components/question/QuestionCard.vue, /src/assets/css/main.css[22m
[2m9:57:57 PM[22m [36m[1m[vite][22m[39m [90m[2m(client)[22m[39m [32mhmr update [39m[2m/src/components/question/QuestionCard.vue, /src/assets/css/main.css[22m
[2m10:06:27 PM[22m [36m[1m[vite][22m[39m [90m[2m(client)[22m[39m [32mhmr update [39m[2m/src/views/student/session/SessionView.vue, /src/assets/css/main.css[22m
[2m10:06:56 PM[22m [36m[1m[vite][22m[39m [90m[2m(client)[22m[39m [32mhmr update [39m[2m/src/views/student/session/SessionView.vue, /src/assets/css/main.css[22m
[2m10:07:14 PM[22m [36m[1m[vite][22m[39m [90m[2m(client)[22m[39m [32mhmr update [39m[2m/src/views/student/session/SessionView.vue, /src/assets/css/main.css[22m
[2m10:07:20 PM[22m [36m[1m[vite][22m[39m [90m[2m(client)[22m[39m [32mhmr update [39m[2m/src/views/student/session/SessionView.vue, /src/assets/css/main.css[22m
[2m10:07:25 PM[22m [36m[1m[vite][22m[39m [90m[2m(client)[22m[39m [32mhmr update [39m[2m/src/views/student/session/SessionView.vue, /src/assets/css/main.css[22m
[2m10:07:57 PM[22m [36m[1m[vite][22m[39m [90m[2m(client)[22m[39m [32mhmr update [39m[2m/src/views/student/session/SessionView.vue, /src/assets/css/main.css[22m
[2m10:08:35 PM[22m [36m[1m[vite][22m[39m [90m[2m(client)[22m[39m [32mhmr update [39m[2m/src/views/student/session/SessionView.vue?vue&type=style&index=0&scoped=b6dace93&lang.css, /src/assets/css/main.css[22m
[2m10:09:00 PM[22m [36m[1m[vite][22m[39m [90m[2m(client)[22m[39m [32mhmr update [39m[2m/src/components/question/QuestionCard.vue, /src/assets/css/main.css[22m
[2m10:09:29 PM[22m [36m[1m[vite][22m[39m [90m[2m(client)[22m[39m [32mhmr update [39m[2m/src/components/question/QuestionCard.vue, /src/assets/css/main.css[22m
[2m10:09:46 PM[22m [36m[1m[vite][22m[39m [90m[2m(client)[22m[39m [32mhmr update [39m[2m/src/components/question/QuestionCard.vue, /src/assets/css/main.css[22m
[2m10:09:55 PM[22m [36m[1m[vite][22m[39m [90m[2m(client)[22m[39m [32mhmr update [39m[2m/src/components/question/QuestionCard.vue?vue&type=style&index=0&scoped=ddd891be&lang.css, /src/assets/css/main.css[22m
[2m10:10:08 PM[22m [36m[1m[vite][22m[39m [90m[2m(client)[22m[39m [32mhmr update [39m[2m/src/components/question/QuestionCard.vue?vue&type=style&index=0&scoped=ddd891be&lang.css, /src/assets/css/main.css[22m
[2m10:10:33 PM[22m [36m[1m[vite][22m[39m [90m[2m(client)[22m[39m [32mhmr update [39m[2m/src/components/question/formats/McqQuestion.vue?vue&type=style&index=0&scoped=0cb3b8be&lang.css, /src/assets/css/main.css[22m
[2m10:10:53 PM[22m [36m[1m[vite][22m[39m [90m[2m(client)[22m[39m [32mhmr update [39m[2m/src/components/question/formats/McqQuestion.vue?vue&type=style&index=0&scoped=0cb3b8be&lang.css, /src/assets/css/main.css[22m
[2m10:11:29 PM[22m [36m[1m[vite][22m[39m [90m[2m(client)[22m[39m [32mhmr update [39m[2m/src/views/student/session/SessionView.vue, /src/assets/css/main.css[22m
[2m10:19:22 PM[22m [36m[1m[vite][22m[39m [90m[2m(client)[22m[39m [32mhmr update [39m[2m/src/components/question/MathText.vue, /src/assets/css/main.css[22m
[2m10:19:36 PM[22m [36m[1m[vite][22m[39m [90m[2m(client)[22m[39m [32mhmr update [39m[2m/src/components/question/QuestionCard.vue, /src/assets/css/main.css[22m
[2m10:19:50 PM[22m [36m[1m[vite][22m[39m [90m[2m(client)[22m[39m [32mhmr update [39m[2m/src/views/student/session/SessionView.vue, /src/assets/css/main.css[22m
[2m10:20:05 PM[22m [36m[1m[vite][22m[39m [90m[2m(client)[22m[39m [32mhmr update [39m[2m/src/views/student/session/SessionView.vue, /src/assets/css/main.css[22m
[2m10:20:23 PM[22m [36m[1m[vite][22m[39m [90m[2m(client)[22m[39m [32mhmr update [39m[2m/src/views/student/session/SessionView.vue, /src/assets/css/main.css[22m
[2m10:21:12 PM[22m [36m[1m[vite][22m[39m [90m[2m(client)[22m[39m [32mhmr update [39m[2m/src/views/student/session/SessionView.vue?vue&type=style&index=0&scoped=b6dace93&lang.css, /src/assets/css/main.css[22m
[2m10:21:25 PM[22m [36m[1m[vite][22m[39m [90m[2m(client)[22m[39m [32mhmr update [39m[2m/src/components/question/QuestionCard.vue?vue&type=style&index=0&scoped=ddd891be&lang.css, /src/assets/css/main.css[22m
[2m10:38:58 PM[22m [36m[1m[vite][22m[39m [90m[2m(client)[22m[39m [32mhmr update [39m[2m/src/components/question/QuestionCard.vue, /src/assets/css/main.css[22m
[2m10:39:16 PM[22m [36m[1m[vite][22m[39m [90m[2m(client)[22m[39m [32mhmr update [39m[2m/src/components/question/QuestionCard.vue?vue&type=style&index=0&scoped=ddd891be&lang.css, /src/assets/css/main.css[22m
[2m10:39:25 PM[22m [36m[1m[vite][22m[39m [90m[2m(client)[22m[39m [32mhmr update [39m[2m/src/components/question/QuestionCard.vue?vue&type=style&index=0&scoped=ddd891be&lang.css, /src/assets/css/main.css[22m
[2m10:40:06 PM[22m [36m[1m[vite][22m[39m [90m[2m(client)[22m[39m [32mhmr update [39m[2m/src/views/student/session/SessionView.vue, /src/assets/css/main.css[22m
[2m10:40:19 PM[22m [36m[1m[vite][22m[39m [90m[2m(client)[22m[39m [32mhmr update [39m[2m/src/components/question/QuestionCard.vue, /src/assets/css/main.css[22m
[2m10:40:30 PM[22m [36m[1m[vite][22m[39m [90m[2m(client)[22m[39m [32mhmr update [39m[2m/src/components/question/QuestionCard.vue?vue&type=style&index=0&scoped=ddd891be&lang.css, /src/assets/css/main.css[22m
[2m10:40:56 PM[22m [36m[1m[vite][22m[39m [90m[2m(client)[22m[39m [32mhmr update [39m[2m/src/components/question/QuestionCard.vue?vue&type=style&index=0&scoped=ddd891be&lang.css, /src/assets/css/main.css[22m
[2m10:41:15 PM[22m [36m[1m[vite][22m[39m [90m[2m(client)[22m[39m [32mhmr update [39m[2m/src/components/question/QuestionCard.vue?vue&type=style&index=0&scoped=ddd891be&lang.css, /src/assets/css/main.css[22m
[2m10:41:20 PM[22m [36m[1m[vite][22m[39m [90m[2m(client)[22m[39m [32mhmr update [39m[2m/src/components/question/QuestionCard.vue?vue&type=style&index=0&scoped=ddd891be&lang.css, /src/assets/css/main.css[22m
[2m10:50:27 PM[22m [36m[1m[vite][22m[39m [90m[2m(client)[22m[39m [32mhmr update [39m[2m/src/views/student/session/SessionDebrief.vue, /src/views/student/session/SessionDebrief.vue?vue&type=style&index=0&scoped=b62e923e&lang.css, /src/assets/css/main.css[22m
[2m10:50:35 PM[22m [36m[1m[vite][22m[39m [90m[2m(client)[22m[39m [32mhmr update [39m[2m/src/views/student/session/SessionDebrief.vue, /src/assets/css/main.css[22m
[2m10:50:48 PM[22m [36m[1m[vite][22m[39m [90m[2m(client)[22m[39m [32mhmr update [39m[2m/src/views/student/session/SessionDebrief.vue, /src/assets/css/main.css[22m
[2m10:51:36 PM[22m [36m[1m[vite][22m[39m [90m[2m(client)[22m[39m [32mhmr update [39m[2m/src/views/student/session/SessionDebrief.vue, /src/assets/css/main.css[22m
[2m10:52:36 PM[22m [36m[1m[vite][22m[39m [90m[2m(client)[22m[39m [32mhmr update [39m[2m/src/views/student/session/SessionDebrief.vue?vue&type=style&index=0&scoped=b62e923e&lang.css, /src/assets/css/main.css[22m
[2m11:04:02 PM[22m [36m[1m[vite][22m[39m [90m[2m(client)[22m[39m [32mhmr update [39m[2m/src/views/student/session/SessionDebrief.vue, /src/assets/css/main.css[22m
[2m11:04:45 PM[22m [36m[1m[vite][22m[39m [90m[2m(client)[22m[39m [32mhmr update [39m[2m/src/views/student/session/SessionDebrief.vue, /src/assets/css/main.css[22m
[2m11:05:41 PM[22m [36m[1m[vite][22m[39m [90m[2m(client)[22m[39m [32mhmr update [39m[2m/src/views/student/session/SessionDebrief.vue, /src/assets/css/main.css[22m
[2m11:05:56 PM[22m [36m[1m[vite][22m[39m [90m[2m(client)[22m[39m [32mhmr update [39m[2m/src/views/student/session/SessionDebrief.vue?vue&type=style&index=0&scoped=b62e923e&lang.css, /src/assets/css/main.css[22m
[2m11:07:50 PM[22m [36m[1m[vite][22m[39m [90m[2m(client)[22m[39m [32mhmr update [39m[2m/src/views/student/session/SessionDebrief.vue?vue&type=style&index=0&scoped=b62e923e&lang.css, /src/assets/css/main.css[22m
[2m11:08:49 PM[22m [36m[1m[vite][22m[39m [90m[2m(client)[22m[39m [32mhmr update [39m[2m/src/views/student/session/SessionDebrief.vue?vue&type=style&index=0&scoped=b62e923e&lang.css, /src/assets/css/main.css[22m
[2m11:19:12 PM[22m [36m[1m[vite][22m[39m [90m[2m(client)[22m[39m [32mhmr update [39m[2m/src/assets/css/main.css, /src/views/student/practice/PastQuestions.vue[22m
[2m11:19:18 PM[22m [36m[1m[vite][22m[39m [90m[2m(client)[22m[39m [32mhmr update [39m[2m/src/assets/css/main.css, /src/views/student/practice/PastQuestions.vue[22m
[2m11:19:27 PM[22m [36m[1m[vite][22m[39m [90m[2m(client)[22m[39m [32mhmr update [39m[2m/src/views/student/practice/PastQuestions.vue, /src/assets/css/main.css[22m
[2m11:19:46 PM[22m [36m[1m[vite][22m[39m [90m[2m(client)[22m[39m [32mhmr update [39m[2m/src/views/student/practice/PastQuestions.vue, /src/assets/css/main.css[22m
[2m11:20:03 PM[22m [36m[1m[vite][22m[39m [90m[2m(client)[22m[39m [32mhmr update [39m[2m/src/views/student/practice/PastQuestions.vue, /src/assets/css/main.css[22m
[2m11:20:37 PM[22m [36m[1m[vite][22m[39m [90m[2m(client)[22m[39m [32mhmr update [39m[2m/src/views/student/practice/PastQuestions.vue?vue&type=style&index=0&scoped=a9dba846&lang.css, /src/assets/css/main.css[22m
 ELIFECYCLE  Command failed with exit code 1073807364.
