[recovery][deferred_completion] processing session_id=164 status=active state=failed reason=start_practice_session
[perf][coach.evaluate_coach_brain] enter student_id=2 trigger=SessionCompleted horizon_days=14
[perf][coach.evaluate_coach_brain] assess_content_readiness 0.2ms
[perf][coach.evaluate_coach_brain] resolve_coach_state 0.1ms
[perf][coach.build_orchestration_snapshot] enter student_id=2 subject_id=None topic_id=None
[perf][coach.build_orchestration_snapshot] assess_content_readiness 0.1ms
[perf][coach.build_orchestration_snapshot] resolve_coach_state 0.1ms
[perf][coach.build_orchestration_snapshot] resolve_next_coach_action 0.1ms
[perf][coach.build_orchestration_snapshot] build_intelligence_dome 1685.4ms has_value=true
[perf][coach.build_orchestration_snapshot] build_judgment_snapshot 3580.0ms has_value=true
[perf][coach.build_orchestration_snapshot] build_checks count=3
[perf][coach.build_orchestration_snapshot] suggest_session 0.0ms has_value=false
[perf][coach.build_orchestration_snapshot] count_attempts 0.1ms count=160
[perf][coach.build_orchestration_snapshot] persist_snapshot 10.4ms
[perf][coach.build_orchestration_snapshot] record_orchestration_cycle 0.9ms
[perf][coach.build_orchestration_snapshot] total 5278.5ms
[perf][coach.evaluate_coach_brain] build_orchestration_snapshot 5278.6ms
[perf][coach.evaluate_coach_brain] get_coach_roadmap 0.1ms
[perf][coach.evaluate_coach_brain] get_today_mission_brief 0.2ms
[perf][coach.evaluate_coach_brain] build_study_budget_snapshot 0.3ms
[perf][coach.evaluate_coach_brain] list_active_blockers 0.1ms
[perf][coach.evaluate_coach_brain] sync_content_readiness_projection 0.7ms
[perf][coach.evaluate_coach_brain] sync_lifecycle_state_projection 2.4ms
[perf][coach.evaluate_coach_brain] sync_next_action_projection 0.7ms
[perf][coach.evaluate_coach_brain] sync_recovery_state_projection 0.5ms
[perf][coach.evaluate_coach_brain] list_recovery_state_projection 0.1ms
[perf][coach.evaluate_coach_brain] write_decision_trace 0.2ms
[perf][coach.evaluate_coach_brain] total 5285.0ms
[recovery][deferred_completion] success session_id=164 status=abandoned reason=start_practice_session
