[perf][tauri.recover_deferred_session_completions] enter student_id=2 max_sessions=Some(1)
[recovery][deferred_completion] processing session_id=166 status=active state=failed reason=app_entry
[perf][coach.evaluate_coach_brain] enter student_id=2 trigger=SessionCompleted horizon_days=14
[perf][coach.evaluate_coach_brain] assess_content_readiness 0.2ms
[perf][coach.evaluate_coach_brain] resolve_coach_state 0.1ms
[perf][coach.build_orchestration_snapshot] enter student_id=2 subject_id=None topic_id=None
[perf][coach.build_orchestration_snapshot] assess_content_readiness 0.1ms
[perf][coach.build_orchestration_snapshot] resolve_coach_state 0.1ms
[perf][coach.build_orchestration_snapshot] resolve_next_coach_action 0.1ms
[perf][coach.build_orchestration_snapshot] build_intelligence_dome 1451.1ms has_value=true
[perf][coach.build_orchestration_snapshot] build_judgment_snapshot 1792.7ms has_value=true
[perf][coach.build_orchestration_snapshot] build_checks count=3
[perf][coach.build_orchestration_snapshot] suggest_session 0.0ms has_value=false
[perf][coach.build_orchestration_snapshot] count_attempts 0.0ms count=161
[perf][coach.build_orchestration_snapshot] persist_snapshot 3.4ms
[perf][coach.build_orchestration_snapshot] record_orchestration_cycle 0.4ms
[perf][coach.build_orchestration_snapshot] total 3249.6ms
[perf][coach.evaluate_coach_brain] build_orchestration_snapshot 3249.7ms
[perf][coach.evaluate_coach_brain] get_coach_roadmap 0.1ms
[perf][coach.evaluate_coach_brain] get_today_mission_brief 0.1ms
[perf][coach.evaluate_coach_brain] build_study_budget_snapshot 0.1ms
[perf][coach.evaluate_coach_brain] list_active_blockers 0.1ms
[perf][coach.evaluate_coach_brain] sync_content_readiness_projection 0.1ms
[perf][coach.evaluate_coach_brain] sync_lifecycle_state_projection 0.1ms
[perf][coach.evaluate_coach_brain] sync_next_action_projection 0.1ms
[perf][coach.evaluate_coach_brain] sync_recovery_state_projection 0.1ms
[perf][coach.evaluate_coach_brain] list_recovery_state_projection 0.0ms
[perf][coach.evaluate_coach_brain] write_decision_trace 0.1ms
[perf][coach.evaluate_coach_brain] total 3251.2ms
[recovery][deferred_completion] success session_id=166 status=abandoned reason=app_entry
[perf][tauri.recover_deferred_session_completions] exit 3280.3ms
[perf][tauri.recover_deferred_session_completions] enter student_id=2 max_sessions=Some(1)
[perf][tauri.recover_deferred_session_completions] exit 0.5ms
[perf][tauri.submit_attempt] enter session_id=168 session_item_id=1029 question_id=2875
[perf][rust.submit_attempt] enter session_id=168 session_item_id=1029 question_id=2875 selected_option_id=Some(11497)
[perf][rust.submit_attempt] session.lookup 0.3ms
[recovery][deferred_completion] pending session_id=168 previous_state=idle reason=submit_attempt.defer_coach_brain
[perf][rust.submit_attempt] session.record_outcome 8.4ms
[perf][rust.submit_attempt] student_model.process_answer 94.8ms
[perf][rust.submit_attempt] evidence.interpret_attempt 23.2ms
[perf][rust.submit_attempt] pedagogical_runtime.record_attempt_feedback 128.0ms
[perf][rust.submit_attempt] session.get_session_snapshot 0.2ms
[perf][rust.submit_attempt] coach.evaluate_coach_brain skipped by defer_coach_brain
[perf][rust.submit_attempt] total 255.1ms
[perf][rust.submit_attempt] outer_total 255.2ms
[perf][tauri.submit_attempt] exit 255.3ms
[perf][tauri.complete_session_with_pipeline] enter student_id=2 session_id=168
[perf][rust.complete_session_with_pipeline] enter student_id=2 session_id=168
[recovery][deferred_completion] processing session_id=168 status=active state=pending reason=explicit_completion
[perf][coach.evaluate_coach_brain] enter student_id=2 trigger=SessionCompleted horizon_days=14
[perf][coach.evaluate_coach_brain] assess_content_readiness 0.1ms
[perf][coach.evaluate_coach_brain] resolve_coach_state 0.0ms
[perf][coach.build_orchestration_snapshot] enter student_id=2 subject_id=None topic_id=None
[perf][coach.build_orchestration_snapshot] assess_content_readiness 0.0ms
[perf][coach.build_orchestration_snapshot] resolve_coach_state 0.0ms
[perf][coach.build_orchestration_snapshot] resolve_next_coach_action 0.0ms
[perf][coach.build_orchestration_snapshot] build_intelligence_dome 1490.3ms has_value=true
[perf][coach.build_orchestration_snapshot] build_judgment_snapshot 2666.8ms has_value=true
[perf][coach.build_orchestration_snapshot] build_checks count=3
[perf][coach.build_orchestration_snapshot] suggest_session 0.0ms has_value=false
[perf][coach.build_orchestration_snapshot] count_attempts 0.1ms count=162
[perf][coach.build_orchestration_snapshot] persist_snapshot 15.0ms
[perf][coach.build_orchestration_snapshot] record_orchestration_cycle 1.4ms
[perf][coach.build_orchestration_snapshot] total 4174.7ms
[perf][coach.evaluate_coach_brain] build_orchestration_snapshot 4175.0ms
[perf][coach.evaluate_coach_brain] get_coach_roadmap 0.2ms
[perf][coach.evaluate_coach_brain] get_today_mission_brief 0.3ms
[perf][coach.evaluate_coach_brain] build_study_budget_snapshot 0.2ms
[perf][coach.evaluate_coach_brain] list_active_blockers 0.3ms
[perf][coach.evaluate_coach_brain] sync_content_readiness_projection 0.4ms
[perf][coach.evaluate_coach_brain] sync_lifecycle_state_projection 0.3ms
[perf][coach.evaluate_coach_brain] sync_next_action_projection 0.2ms
[perf][coach.evaluate_coach_brain] sync_recovery_state_projection 0.4ms
[perf][coach.evaluate_coach_brain] list_recovery_state_projection 0.2ms
[perf][coach.evaluate_coach_brain] write_decision_trace 0.5ms
[perf][coach.evaluate_coach_brain] total 4179.1ms
[recovery][deferred_completion] success session_id=168 status=completed reason=explicit_completion
[perf][rust.complete_session_with_pipeline] total 4206.0ms
[perf][tauri.complete_session_with_pipeline] exit 4206.1ms
