[perf][tauri.recover_deferred_session_completions] enter student_id=2 max_sessions=Some(1)
[recovery][deferred_completion] processing session_id=158 status=active state=pending reason=app_entry
[perf][coach.evaluate_coach_brain] enter student_id=2 trigger=SessionCompleted horizon_days=14
[perf][coach.evaluate_coach_brain] assess_content_readiness 0.1ms
[perf][coach.evaluate_coach_brain] resolve_coach_state 0.0ms
[perf][coach.build_orchestration_snapshot] enter student_id=2 subject_id=None topic_id=None
[perf][coach.build_orchestration_snapshot] assess_content_readiness 0.2ms
[perf][coach.build_orchestration_snapshot] resolve_coach_state 0.1ms
[perf][coach.build_orchestration_snapshot] resolve_next_coach_action 0.3ms
[perf][coach.build_orchestration_snapshot] build_intelligence_dome 2381.6ms has_value=true
[perf][coach.build_orchestration_snapshot] build_judgment_snapshot 4310.5ms has_value=true
[perf][coach.build_orchestration_snapshot] build_checks count=3
[perf][coach.build_orchestration_snapshot] suggest_session 0.0ms has_value=false
[perf][coach.build_orchestration_snapshot] count_attempts 0.1ms count=156
[perf][coach.build_orchestration_snapshot] persist_snapshot 11.6ms
[perf][coach.build_orchestration_snapshot] record_orchestration_cycle 1.4ms
[perf][coach.build_orchestration_snapshot] total 6710.5ms
[perf][coach.evaluate_coach_brain] build_orchestration_snapshot 6710.7ms
[perf][coach.evaluate_coach_brain] get_coach_roadmap 0.2ms
[perf][coach.evaluate_coach_brain] get_today_mission_brief 0.2ms
[perf][coach.evaluate_coach_brain] build_study_budget_snapshot 0.1ms
[perf][coach.evaluate_coach_brain] list_active_blockers 0.1ms
[perf][coach.evaluate_coach_brain] sync_content_readiness_projection 0.2ms
[perf][coach.evaluate_coach_brain] sync_lifecycle_state_projection 0.2ms
[perf][coach.evaluate_coach_brain] sync_next_action_projection 0.1ms
[perf][coach.evaluate_coach_brain] sync_recovery_state_projection 0.2ms
[perf][coach.evaluate_coach_brain] list_recovery_state_projection 0.1ms
[perf][coach.evaluate_coach_brain] write_decision_trace 0.2ms
[perf][coach.evaluate_coach_brain] total 6713.4ms
[chaos][deferred_completion] injected_failure stage=after_coach session_id=158
[recovery][deferred_completion] failed session_id=158 reason=app_entry error=injected deferred completion failure at stage=after_coach for session 158
[recovery][deferred_completion] retry_failed session_id=158 reason=app_entry error=injected deferred completion failure at stage=after_coach for session 158
[perf][tauri.recover_deferred_session_completions] exit 6747.5ms
